ARM GAS  C:\Users\wucha\AppData\Local\Temp\ccl5hhpe.s 			page 1


   1              		.cpu cortex-m4
   2              		.eabi_attribute 27, 1
   3              		.eabi_attribute 28, 1
   4              		.eabi_attribute 20, 1
   5              		.eabi_attribute 21, 1
   6              		.eabi_attribute 23, 3
   7              		.eabi_attribute 24, 1
   8              		.eabi_attribute 25, 1
   9              		.eabi_attribute 26, 1
  10              		.eabi_attribute 30, 1
  11              		.eabi_attribute 34, 1
  12              		.eabi_attribute 18, 4
  13              		.file	"gpio.c"
  14              		.text
  15              	.Ltext0:
  16              		.cfi_sections	.debug_frame
  17              		.section	.text.MX_GPIO_Init,"ax",%progbits
  18              		.align	1
  19              		.global	MX_GPIO_Init
  20              		.arch armv7e-m
  21              		.syntax unified
  22              		.thumb
  23              		.thumb_func
  24              		.fpu fpv4-sp-d16
  26              	MX_GPIO_Init:
  27              	.LFB130:
  28              		.file 1 "Core/Src/gpio.c"
   1:Core/Src/gpio.c **** /**
   2:Core/Src/gpio.c ****   ******************************************************************************
   3:Core/Src/gpio.c ****   * @file    gpio.c
   4:Core/Src/gpio.c ****   * @brief   This file provides code for the configuration
   5:Core/Src/gpio.c ****   *          of all used GPIO pins.
   6:Core/Src/gpio.c ****   ******************************************************************************
   7:Core/Src/gpio.c ****   * @attention
   8:Core/Src/gpio.c ****   *
   9:Core/Src/gpio.c ****   * <h2><center>&copy; Copyright (c) 2022 STMicroelectronics.
  10:Core/Src/gpio.c ****   * All rights reserved.</center></h2>
  11:Core/Src/gpio.c ****   *
  12:Core/Src/gpio.c ****   * This software component is licensed by ST under BSD 3-Clause license,
  13:Core/Src/gpio.c ****   * the "License"; You may not use this file except in compliance with the
  14:Core/Src/gpio.c ****   * License. You may obtain a copy of the License at:
  15:Core/Src/gpio.c ****   *                        opensource.org/licenses/BSD-3-Clause
  16:Core/Src/gpio.c ****   *
  17:Core/Src/gpio.c ****   ******************************************************************************
  18:Core/Src/gpio.c ****   */
  19:Core/Src/gpio.c **** 
  20:Core/Src/gpio.c **** /* Includes ------------------------------------------------------------------*/
  21:Core/Src/gpio.c **** #include "gpio.h"
  22:Core/Src/gpio.c **** 
  23:Core/Src/gpio.c **** /* USER CODE BEGIN 0 */
  24:Core/Src/gpio.c **** 
  25:Core/Src/gpio.c **** /* USER CODE END 0 */
  26:Core/Src/gpio.c **** 
  27:Core/Src/gpio.c **** /*----------------------------------------------------------------------------*/
  28:Core/Src/gpio.c **** /* Configure GPIO                                                             */
  29:Core/Src/gpio.c **** /*----------------------------------------------------------------------------*/
  30:Core/Src/gpio.c **** /* USER CODE BEGIN 1 */
ARM GAS  C:\Users\wucha\AppData\Local\Temp\ccl5hhpe.s 			page 2


  31:Core/Src/gpio.c **** 
  32:Core/Src/gpio.c **** /* USER CODE END 1 */
  33:Core/Src/gpio.c **** 
  34:Core/Src/gpio.c **** /** Configure pins as
  35:Core/Src/gpio.c ****         * Analog
  36:Core/Src/gpio.c ****         * Input
  37:Core/Src/gpio.c ****         * Output
  38:Core/Src/gpio.c ****         * EVENT_OUT
  39:Core/Src/gpio.c ****         * EXTI
  40:Core/Src/gpio.c **** */
  41:Core/Src/gpio.c **** void MX_GPIO_Init(void)
  42:Core/Src/gpio.c **** {
  29              		.loc 1 42 1 view -0
  30              		.cfi_startproc
  31              		@ args = 0, pretend = 0, frame = 40
  32              		@ frame_needed = 0, uses_anonymous_args = 0
  33 0000 2DE9F041 		push	{r4, r5, r6, r7, r8, lr}
  34              	.LCFI0:
  35              		.cfi_def_cfa_offset 24
  36              		.cfi_offset 4, -24
  37              		.cfi_offset 5, -20
  38              		.cfi_offset 6, -16
  39              		.cfi_offset 7, -12
  40              		.cfi_offset 8, -8
  41              		.cfi_offset 14, -4
  42 0004 8AB0     		sub	sp, sp, #40
  43              	.LCFI1:
  44              		.cfi_def_cfa_offset 64
  43:Core/Src/gpio.c **** 
  44:Core/Src/gpio.c ****   GPIO_InitTypeDef GPIO_InitStruct = {0};
  45              		.loc 1 44 3 view .LVU1
  46              		.loc 1 44 20 is_stmt 0 view .LVU2
  47 0006 0024     		movs	r4, #0
  48 0008 0594     		str	r4, [sp, #20]
  49 000a 0694     		str	r4, [sp, #24]
  50 000c 0794     		str	r4, [sp, #28]
  51 000e 0894     		str	r4, [sp, #32]
  52 0010 0994     		str	r4, [sp, #36]
  45:Core/Src/gpio.c **** 
  46:Core/Src/gpio.c ****   /* GPIO Ports Clock Enable */
  47:Core/Src/gpio.c ****   __HAL_RCC_GPIOH_CLK_ENABLE();
  53              		.loc 1 47 3 is_stmt 1 view .LVU3
  54              	.LBB2:
  55              		.loc 1 47 3 view .LVU4
  56 0012 0194     		str	r4, [sp, #4]
  57              		.loc 1 47 3 view .LVU5
  58 0014 2C4B     		ldr	r3, .L3
  59 0016 1A6B     		ldr	r2, [r3, #48]
  60 0018 42F08002 		orr	r2, r2, #128
  61 001c 1A63     		str	r2, [r3, #48]
  62              		.loc 1 47 3 view .LVU6
  63 001e 1A6B     		ldr	r2, [r3, #48]
  64 0020 02F08002 		and	r2, r2, #128
  65 0024 0192     		str	r2, [sp, #4]
  66              		.loc 1 47 3 view .LVU7
  67 0026 019A     		ldr	r2, [sp, #4]
  68              	.LBE2:
ARM GAS  C:\Users\wucha\AppData\Local\Temp\ccl5hhpe.s 			page 3


  69              		.loc 1 47 3 view .LVU8
  48:Core/Src/gpio.c ****   __HAL_RCC_GPIOA_CLK_ENABLE();
  70              		.loc 1 48 3 view .LVU9
  71              	.LBB3:
  72              		.loc 1 48 3 view .LVU10
  73 0028 0294     		str	r4, [sp, #8]
  74              		.loc 1 48 3 view .LVU11
  75 002a 1A6B     		ldr	r2, [r3, #48]
  76 002c 42F00102 		orr	r2, r2, #1
  77 0030 1A63     		str	r2, [r3, #48]
  78              		.loc 1 48 3 view .LVU12
  79 0032 1A6B     		ldr	r2, [r3, #48]
  80 0034 02F00102 		and	r2, r2, #1
  81 0038 0292     		str	r2, [sp, #8]
  82              		.loc 1 48 3 view .LVU13
  83 003a 029A     		ldr	r2, [sp, #8]
  84              	.LBE3:
  85              		.loc 1 48 3 view .LVU14
  49:Core/Src/gpio.c ****   __HAL_RCC_GPIOC_CLK_ENABLE();
  86              		.loc 1 49 3 view .LVU15
  87              	.LBB4:
  88              		.loc 1 49 3 view .LVU16
  89 003c 0394     		str	r4, [sp, #12]
  90              		.loc 1 49 3 view .LVU17
  91 003e 1A6B     		ldr	r2, [r3, #48]
  92 0040 42F00402 		orr	r2, r2, #4
  93 0044 1A63     		str	r2, [r3, #48]
  94              		.loc 1 49 3 view .LVU18
  95 0046 1A6B     		ldr	r2, [r3, #48]
  96 0048 02F00402 		and	r2, r2, #4
  97 004c 0392     		str	r2, [sp, #12]
  98              		.loc 1 49 3 view .LVU19
  99 004e 039A     		ldr	r2, [sp, #12]
 100              	.LBE4:
 101              		.loc 1 49 3 view .LVU20
  50:Core/Src/gpio.c ****   __HAL_RCC_GPIOB_CLK_ENABLE();
 102              		.loc 1 50 3 view .LVU21
 103              	.LBB5:
 104              		.loc 1 50 3 view .LVU22
 105 0050 0494     		str	r4, [sp, #16]
 106              		.loc 1 50 3 view .LVU23
 107 0052 1A6B     		ldr	r2, [r3, #48]
 108 0054 42F00202 		orr	r2, r2, #2
 109 0058 1A63     		str	r2, [r3, #48]
 110              		.loc 1 50 3 view .LVU24
 111 005a 1B6B     		ldr	r3, [r3, #48]
 112 005c 03F00203 		and	r3, r3, #2
 113 0060 0493     		str	r3, [sp, #16]
 114              		.loc 1 50 3 view .LVU25
 115 0062 049B     		ldr	r3, [sp, #16]
 116              	.LBE5:
 117              		.loc 1 50 3 view .LVU26
  51:Core/Src/gpio.c **** 
  52:Core/Src/gpio.c ****   /*Configure GPIO pin Output Level */
  53:Core/Src/gpio.c ****   HAL_GPIO_WritePin(GPIOA, GPIO_PIN_6, GPIO_PIN_RESET);
 118              		.loc 1 53 3 view .LVU27
 119 0064 DFF86C80 		ldr	r8, .L3+12
ARM GAS  C:\Users\wucha\AppData\Local\Temp\ccl5hhpe.s 			page 4


 120 0068 2246     		mov	r2, r4
 121 006a 4021     		movs	r1, #64
 122 006c 4046     		mov	r0, r8
 123 006e FFF7FEFF 		bl	HAL_GPIO_WritePin
 124              	.LVL0:
  54:Core/Src/gpio.c **** 
  55:Core/Src/gpio.c ****   /*Configure GPIO pin Output Level */
  56:Core/Src/gpio.c ****   HAL_GPIO_WritePin(GPIOC, GPIO_PIN_4|GPIO_PIN_5, GPIO_PIN_RESET);
 125              		.loc 1 56 3 view .LVU28
 126 0072 164F     		ldr	r7, .L3+4
 127 0074 2246     		mov	r2, r4
 128 0076 3021     		movs	r1, #48
 129 0078 3846     		mov	r0, r7
 130 007a FFF7FEFF 		bl	HAL_GPIO_WritePin
 131              	.LVL1:
  57:Core/Src/gpio.c **** 
  58:Core/Src/gpio.c ****   /*Configure GPIO pin Output Level */
  59:Core/Src/gpio.c ****   HAL_GPIO_WritePin(GPIOB, GPIO_PIN_4|GPIO_PIN_5|GPIO_PIN_6|GPIO_PIN_7, GPIO_PIN_RESET);
 132              		.loc 1 59 3 view .LVU29
 133 007e 144E     		ldr	r6, .L3+8
 134 0080 2246     		mov	r2, r4
 135 0082 F021     		movs	r1, #240
 136 0084 3046     		mov	r0, r6
 137 0086 FFF7FEFF 		bl	HAL_GPIO_WritePin
 138              	.LVL2:
  60:Core/Src/gpio.c **** 
  61:Core/Src/gpio.c ****   /*Configure GPIO pin : PA6 */
  62:Core/Src/gpio.c ****   GPIO_InitStruct.Pin = GPIO_PIN_6;
 139              		.loc 1 62 3 view .LVU30
 140              		.loc 1 62 23 is_stmt 0 view .LVU31
 141 008a 4023     		movs	r3, #64
 142 008c 0593     		str	r3, [sp, #20]
  63:Core/Src/gpio.c ****   GPIO_InitStruct.Mode = GPIO_MODE_OUTPUT_PP;
 143              		.loc 1 63 3 is_stmt 1 view .LVU32
 144              		.loc 1 63 24 is_stmt 0 view .LVU33
 145 008e 0125     		movs	r5, #1
 146 0090 0695     		str	r5, [sp, #24]
  64:Core/Src/gpio.c ****   GPIO_InitStruct.Pull = GPIO_NOPULL;
 147              		.loc 1 64 3 is_stmt 1 view .LVU34
 148              		.loc 1 64 24 is_stmt 0 view .LVU35
 149 0092 0794     		str	r4, [sp, #28]
  65:Core/Src/gpio.c ****   GPIO_InitStruct.Speed = GPIO_SPEED_FREQ_LOW;
 150              		.loc 1 65 3 is_stmt 1 view .LVU36
 151              		.loc 1 65 25 is_stmt 0 view .LVU37
 152 0094 0894     		str	r4, [sp, #32]
  66:Core/Src/gpio.c ****   HAL_GPIO_Init(GPIOA, &GPIO_InitStruct);
 153              		.loc 1 66 3 is_stmt 1 view .LVU38
 154 0096 05A9     		add	r1, sp, #20
 155 0098 4046     		mov	r0, r8
 156 009a FFF7FEFF 		bl	HAL_GPIO_Init
 157              	.LVL3:
  67:Core/Src/gpio.c **** 
  68:Core/Src/gpio.c ****   /*Configure GPIO pins : PC4 PC5 */
  69:Core/Src/gpio.c ****   GPIO_InitStruct.Pin = GPIO_PIN_4|GPIO_PIN_5;
 158              		.loc 1 69 3 view .LVU39
 159              		.loc 1 69 23 is_stmt 0 view .LVU40
 160 009e 3023     		movs	r3, #48
ARM GAS  C:\Users\wucha\AppData\Local\Temp\ccl5hhpe.s 			page 5


 161 00a0 0593     		str	r3, [sp, #20]
  70:Core/Src/gpio.c ****   GPIO_InitStruct.Mode = GPIO_MODE_OUTPUT_PP;
 162              		.loc 1 70 3 is_stmt 1 view .LVU41
 163              		.loc 1 70 24 is_stmt 0 view .LVU42
 164 00a2 0695     		str	r5, [sp, #24]
  71:Core/Src/gpio.c ****   GPIO_InitStruct.Pull = GPIO_NOPULL;
 165              		.loc 1 71 3 is_stmt 1 view .LVU43
 166              		.loc 1 71 24 is_stmt 0 view .LVU44
 167 00a4 0794     		str	r4, [sp, #28]
  72:Core/Src/gpio.c ****   GPIO_InitStruct.Speed = GPIO_SPEED_FREQ_LOW;
 168              		.loc 1 72 3 is_stmt 1 view .LVU45
 169              		.loc 1 72 25 is_stmt 0 view .LVU46
 170 00a6 0894     		str	r4, [sp, #32]
  73:Core/Src/gpio.c ****   HAL_GPIO_Init(GPIOC, &GPIO_InitStruct);
 171              		.loc 1 73 3 is_stmt 1 view .LVU47
 172 00a8 05A9     		add	r1, sp, #20
 173 00aa 3846     		mov	r0, r7
 174 00ac FFF7FEFF 		bl	HAL_GPIO_Init
 175              	.LVL4:
  74:Core/Src/gpio.c **** 
  75:Core/Src/gpio.c ****   /*Configure GPIO pins : PB4 PB5 PB6 PB7 */
  76:Core/Src/gpio.c ****   GPIO_InitStruct.Pin = GPIO_PIN_4|GPIO_PIN_5|GPIO_PIN_6|GPIO_PIN_7;
 176              		.loc 1 76 3 view .LVU48
 177              		.loc 1 76 23 is_stmt 0 view .LVU49
 178 00b0 F023     		movs	r3, #240
 179 00b2 0593     		str	r3, [sp, #20]
  77:Core/Src/gpio.c ****   GPIO_InitStruct.Mode = GPIO_MODE_OUTPUT_PP;
 180              		.loc 1 77 3 is_stmt 1 view .LVU50
 181              		.loc 1 77 24 is_stmt 0 view .LVU51
 182 00b4 0695     		str	r5, [sp, #24]
  78:Core/Src/gpio.c ****   GPIO_InitStruct.Pull = GPIO_NOPULL;
 183              		.loc 1 78 3 is_stmt 1 view .LVU52
 184              		.loc 1 78 24 is_stmt 0 view .LVU53
 185 00b6 0794     		str	r4, [sp, #28]
  79:Core/Src/gpio.c ****   GPIO_InitStruct.Speed = GPIO_SPEED_FREQ_LOW;
 186              		.loc 1 79 3 is_stmt 1 view .LVU54
 187              		.loc 1 79 25 is_stmt 0 view .LVU55
 188 00b8 0894     		str	r4, [sp, #32]
  80:Core/Src/gpio.c ****   HAL_GPIO_Init(GPIOB, &GPIO_InitStruct);
 189              		.loc 1 80 3 is_stmt 1 view .LVU56
 190 00ba 05A9     		add	r1, sp, #20
 191 00bc 3046     		mov	r0, r6
 192 00be FFF7FEFF 		bl	HAL_GPIO_Init
 193              	.LVL5:
  81:Core/Src/gpio.c **** 
  82:Core/Src/gpio.c **** }
 194              		.loc 1 82 1 is_stmt 0 view .LVU57
 195 00c2 0AB0     		add	sp, sp, #40
 196              	.LCFI2:
 197              		.cfi_def_cfa_offset 24
 198              		@ sp needed
 199 00c4 BDE8F081 		pop	{r4, r5, r6, r7, r8, pc}
 200              	.L4:
 201              		.align	2
 202              	.L3:
 203 00c8 00380240 		.word	1073887232
 204 00cc 00080240 		.word	1073874944
ARM GAS  C:\Users\wucha\AppData\Local\Temp\ccl5hhpe.s 			page 6


 205 00d0 00040240 		.word	1073873920
 206 00d4 00000240 		.word	1073872896
 207              		.cfi_endproc
 208              	.LFE130:
 210              		.text
 211              	.Letext0:
 212              		.file 2 "c:\\program files (x86)\\gnu arm embedded toolchain\\10 2021.07\\arm-none-eabi\\include\\
 213              		.file 3 "c:\\program files (x86)\\gnu arm embedded toolchain\\10 2021.07\\arm-none-eabi\\include\\
 214              		.file 4 "Drivers/CMSIS/Device/ST/STM32F4xx/Include/stm32f405xx.h"
 215              		.file 5 "Drivers/STM32F4xx_HAL_Driver/Inc/stm32f4xx_hal_gpio.h"
ARM GAS  C:\Users\wucha\AppData\Local\Temp\ccl5hhpe.s 			page 7


DEFINED SYMBOLS
                            *ABS*:00000000 gpio.c
C:\Users\wucha\AppData\Local\Temp\ccl5hhpe.s:18     .text.MX_GPIO_Init:00000000 $t
C:\Users\wucha\AppData\Local\Temp\ccl5hhpe.s:26     .text.MX_GPIO_Init:00000000 MX_GPIO_Init
C:\Users\wucha\AppData\Local\Temp\ccl5hhpe.s:203    .text.MX_GPIO_Init:000000c8 $d

UNDEFINED SYMBOLS
HAL_GPIO_WritePin
HAL_GPIO_Init
