ARM GAS  C:\Users\wucha\AppData\Local\Temp\ccSrtH9s.s 			page 1


   1              		.cpu cortex-m4
   2              		.eabi_attribute 27, 1
   3              		.eabi_attribute 28, 1
   4              		.eabi_attribute 20, 1
   5              		.eabi_attribute 21, 1
   6              		.eabi_attribute 23, 3
   7              		.eabi_attribute 24, 1
   8              		.eabi_attribute 25, 1
   9              		.eabi_attribute 26, 1
  10              		.eabi_attribute 30, 1
  11              		.eabi_attribute 34, 1
  12              		.eabi_attribute 18, 4
  13              		.file	"ssd1306_fonts.c"
  14              		.text
  15              	.Ltext0:
  16              		.cfi_sections	.debug_frame
  17              		.global	ssd1306xled_font5x7_AB
  18              		.global	ssd1306xled_font5x7
  19              		.global	digital_font5x7_AB
  20              		.global	digital_font5x7
  21              		.global	digital_font5x7_123
  22              		.global	ssd1306xled_font6x8_AB
  23              		.global	ssd1306xled_font8x16
  24              		.global	ssd1306xled_font6x8
  25              		.section	.rodata.digital_font5x7,"a"
  26              		.align	2
  29              	digital_font5x7:
  30 0000 00050720 		.ascii	"\000\005\007 \000\000\000\000\000\000\000.\000\000\006"
  30      00000000 
  30      0000002E 
  30      000006
  31 000f 00060000 		.ascii	"\000\006\000\000\024\177\024\177\024\006I\177I0$\020"
  31      147F147F 
  31      1406497F 
  31      49302410 
  32 001f 08240036 		.ascii	"\010$\0006I6P\000\000\000\000\006\000\000A6\000\000"
  32      49365000 
  32      00000006 
  32      00004136 
  32      0000
  33 0031 00364100 		.ascii	"\0006A\000\000\000\010\000\000\000\000\010\034\010\000"
  33      00000800 
  33      00000008 
  33      1C0800
  34 0040 40200000 		.ascii	"@ \000\000\000\000\010\010\000\000 \000\000\000\000"
  34      00000808 
  34      00002000 
  34      000000
  35 004f 00300600 		.ascii	"\0000\006\000\0006AA6\000\000\000\0006\0000II\006\000"
  35      00364141 
  35      36000000 
  35      00360030 
  35      49490600 
  36 0063 00494936 		.ascii	"\000II6\000\006\010\0106\000\006II0\0006II0\000\000"
  36      00060808 
  36      36000649 
  36      49300036 
ARM GAS  C:\Users\wucha\AppData\Local\Temp\ccSrtH9s.s 			page 2


  36      49493000 
  37 0078 01013600 		.ascii	"\001\0016\0006II6\000\006II6\000\000\024\000\000\000"
  37      36494936 
  37      00064949 
  37      36000014 
  37      000000
  38 008b 20140000 		.ascii	" \024\000\000\000\000\010\024\"\000\000\024\024\024"
  38      00000814 
  38      22000014 
  38      1414
  39 0099 00002214 		.ascii	"\000\000\"\024\010\000\000\0011\006\0006IUY.6\011\011"
  39      08000001 
  39      31060036 
  39      4955592E 
  39      360909
  40 00ac 36007749 		.ascii	"6\000wII6\0006AA\000\000wAA6\0006II\000\0006\011\011"
  40      49360036 
  40      41410000 
  40      77414136 
  40      00364949 
  41 00c5 00003641 		.ascii	"\000\0006AQ0\0006\010\0106\000\000\0006\000\000\000"
  41      51300036 
  41      08083600 
  41      00003600 
  41      0000
  42 00d7 40403600 		.ascii	"@@6\0006\010\024\"\0006@@\000\0006\001\006\00166\004"
  42      36081422 
  42      00364040 
  42      00003601 
  42      06013636 
  43 00ec 10360036 		.ascii	"\0206\0006AA6\0006\011\011\006\0006A!V\0006\011\031"
  43      41413600 
  43      36090906 
  43      00364121 
  43      56003609 
  44 0101 26000649 		.ascii	"&\000\006II0\000\000\0017\001\0006@@6\0006@6\000\000"
  44      49300000 
  44      01370100 
  44      36404036 
  44      00364036 
  45 0117 36403040 		.ascii	"6@0@66\010\0106\000\006HH6\000 QIE\002wAA\000\000\000"
  45      36360808 
  45      36000648 
  45      48360020 
  45      51494502 
  46 0131 06300000 		.ascii	"\0060\000\000\000AAw\000\000\002\001\002\000\000@@\000"
  46      00414177 
  46      00000201 
  46      02000040 
  46      4000
  47 0143 00000102 		.ascii	"\000\000\001\002\000\000 TT8@\0006H0\0000HH\000\000"
  47      00002054 
  47      54384000 
  47      36483000 
  47      30484800 
  48 0158 30484876 		.ascii	"0HHv\0008TT\010\000\010l\012\000\000\010TT8\0006\010"
  48      00385454 
ARM GAS  C:\Users\wucha\AppData\Local\Temp\ccSrtH9s.s 			page 3


  48      0800086C 
  48      0A000008 
  48      54543800 
  49 016e 08300000 		.ascii	"\0100\000\0004\000\000\000\000@4\000\0006\020(\000\000"
  49      34000000 
  49      00403400 
  49      00361028 
  49      0000
  50 0180 36000000 		.ascii	"6\000\000\000\0000\010\020\01000\010\0100\0000HH0\000"
  50      00300810 
  50      08303008 
  50      08300030 
  50      48483000 
  51 0194 78141408 		.ascii	"x\024\024\010\000\010\024\024h\0000\010\010\000\000"
  51      00081414 
  51      68003008 
  51      080000
  52 01a3 08545420 		.ascii	"\010TT \000\010,H\000\0000@@0\0000@0\000\0000@ @0(\020"
  52      00082C48 
  52      00003040 
  52      40300030 
  52      40300000 
  53 01be 10280008 		.ascii	"\020(\000\010PP8\000$4,$\000\0106A\000\000\0006\000"
  53      50503800 
  53      24342C24 
  53      00083641 
  53      00000036 
  54 01d3 00000041 		.ascii	"\000\000\000A6\010\000\010\010\020\020\0006A6\000\000"
  54      36080008 
  54      08101000 
  54      36413600 
  54      00
  55              		.section	.rodata.digital_font5x7_123,"a"
  56              		.align	2
  59              	digital_font5x7_123:
  60 0000 00050730 		.ascii	"\000\005\00706AA6\000\000\000\0006\0000II\006\000\000"
  60      36414136 
  60      00000000 
  60      36003049 
  60      49060000 
  61 0014 49493600 		.ascii	"II6\000\006\010\0106\000\006II0\0006II0\000\000\001"
  61      06080836 
  61      00064949 
  61      30003649 
  61      49300000 
  62 0029 01360036 		.ascii	"\0016\0006II6\000\006II6\000"
  62      49493600 
  62      06494936 
  62      00
  63              		.section	.rodata.digital_font5x7_AB,"a"
  64              		.align	2
  67              	digital_font5x7_AB:
  68 0000 00050720 		.ascii	"\000\005\007 \000\000\000\000\000\000\000.\000\000\006"
  68      00000000 
  68      0000002E 
  68      000006
  69 000f 00060000 		.ascii	"\000\006\000\000\024\177\024\177\024\006I\177I0$\020"
ARM GAS  C:\Users\wucha\AppData\Local\Temp\ccSrtH9s.s 			page 4


  69      147F147F 
  69      1406497F 
  69      49302410 
  70 001f 08240036 		.ascii	"\010$\0006I6P\000\000\000\000\006\000\000A6\000\000"
  70      49365000 
  70      00000006 
  70      00004136 
  70      0000
  71 0031 00364100 		.ascii	"\0006A\000\000\000\010\000\000\000\000\010\034\010\000"
  71      00000800 
  71      00000008 
  71      1C0800
  72 0040 40200000 		.ascii	"@ \000\000\000\000\010\010\000\000 \000\000\000\000"
  72      00000808 
  72      00002000 
  72      000000
  73 004f 00300600 		.ascii	"\0000\006\000\0006AA6\000\000\000\0006\0000II\006\000"
  73      00364141 
  73      36000000 
  73      00360030 
  73      49490600 
  74 0063 00494936 		.ascii	"\000II6\000\006\010\0106\000\006II0\0006II0\000\000"
  74      00060808 
  74      36000649 
  74      49300036 
  74      49493000 
  75 0078 01013600 		.ascii	"\001\0016\0006II6\000\006II6\000\000\024\000\000\000"
  75      36494936 
  75      00064949 
  75      36000014 
  75      000000
  76 008b 20140000 		.ascii	" \024\000\000\000\000\010\024\"\000\000\024\024\024"
  76      00000814 
  76      22000014 
  76      1414
  77 0099 00002214 		.ascii	"\000\000\"\024\010\000\000\0011\006\0006IUY.6\011\011"
  77      08000001 
  77      31060036 
  77      4955592E 
  77      360909
  78 00ac 36007749 		.ascii	"6\000wII6\0006AA\000\000wAA6\0006II\000\0006\011\011"
  78      49360036 
  78      41410000 
  78      77414136 
  78      00364949 
  79 00c5 00003641 		.ascii	"\000\0006AQ0\0006\010\0106\000\000\0006\000\000\000"
  79      51300036 
  79      08083600 
  79      00003600 
  79      0000
  80 00d7 40403600 		.ascii	"@@6\0006\010\024\"\0006@@\000\0006\001\006\00166\004"
  80      36081422 
  80      00364040 
  80      00003601 
  80      06013636 
  81 00ec 10360036 		.ascii	"\0206\0006AA6\0006\011\011\006\0006A!V\0006\011\031"
  81      41413600 
ARM GAS  C:\Users\wucha\AppData\Local\Temp\ccSrtH9s.s 			page 5


  81      36090906 
  81      00364121 
  81      56003609 
  82 0101 26000649 		.ascii	"&\000\006II0\000\000\0017\001\0006@@6\0006@6\000\000"
  82      49300000 
  82      01370100 
  82      36404036 
  82      00364036 
  83 0117 36403040 		.ascii	"6@0@66\010\0106\000\006HH6\000 QIE\002wAA\000\000\000"
  83      36360808 
  83      36000648 
  83      48360020 
  83      51494502 
  84 0131 06300000 		.ascii	"\0060\000\000\000AAw\000\000\002\001\002\000\000@@\000"
  84      00414177 
  84      00000201 
  84      02000040 
  84      4000
  85 0143 00000102 		.ascii	"\000\000\001\002\000\000"
  85      0000
  86              		.section	.rodata.ssd1306xled_font5x7,"a"
  87              		.align	2
  90              	ssd1306xled_font5x7:
  91 0000 00050720 		.ascii	"\000\005\007 \000\000\000\000\000\000\000_\000\000\000"
  91      00000000 
  91      0000005F 
  91      000000
  92 000f 03000300 		.ascii	"\003\000\003\000\024>\024>\024$*\177*\022C3\010fa6I"
  92      143E143E 
  92      14242A7F 
  92      2A124333 
  92      08666136 
  93 0024 55225000 		.ascii	"U\"P\000\005\003\000\000\000\034\"A\000\000A\"\034\000"
  93      05030000 
  93      001C2241 
  93      00004122 
  93      1C00
  94 0036 14083E08 		.ascii	"\024\010>\010\024\010\010>\010\010\000P0\000\000\010"
  94      1408083E 
  94      08080050 
  94      30000008 
  95 0046 08080808 		.ascii	"\010\010\010\010\000``\000\000 \020\010\004\002>QIE"
  95      00606000 
  95      00201008 
  95      04023E51 
  95      4945
  96 0058 3E000402 		.ascii	">\000\004\002\177\000BaQIF\"AII6\030\024\022\177\020"
  96      7F004261 
  96      51494622 
  96      41494936 
  96      1814127F 
  97 006d 27454545 		.ascii	"'EEE9>III2\001\001q\011\0076III6&III>\00066\000\000"
  97      393E4949 
  97      49320101 
  97      71090736 
  97      49494936 
  98 008b 00563600 		.ascii	"\000V6\000\000\010\024\"A\000\024\024\024\024\024\000"
ARM GAS  C:\Users\wucha\AppData\Local\Temp\ccSrtH9s.s 			page 6


  98      00081422 
  98      41001414 
  98      14141400 
  99 009b 41221408 		.ascii	"A\"\024\010\002\001Q\011\006>AYU^~\011\011\011~\177"
  99      02015109 
  99      063E4159 
  99      555E7E09 
  99      09097E7F 
 100 00af 49494936 		.ascii	"III6>AAA\"\177AAA>\177IIIA\177\011\011\011\001>AAI:"
 100      3E414141 
 100      227F4141 
 100      413E7F49 
 100      4949417F 
 101 00cc 7F080808 		.ascii	"\177\010\010\010\177\000A\177A\0000@@@?\177\010\024"
 101      7F00417F 
 101      41003040 
 101      40403F7F 
 101      0814
 102 00de 22417F40 		.ascii	"\"A\177@@@@\177\002\014\002\177\177\002\004\010\177"
 102      4040407F 
 102      020C027F 
 102      7F020408 
 102      7F
 103 00ef 3E414141 		.ascii	">AAA>\177\011\011\011\006\036!!!^\177\011\011\011v&"
 103      3E7F0909 
 103      09061E21 
 103      21215E7F 
 103      09090976 
 104 0104 49494932 		.ascii	"III2\001\001\177\001\001?@@@?\037 @ \037\177 \020 \177"
 104      01017F01 
 104      013F4040 
 104      403F1F20 
 104      40201F7F 
 105 011c 41221C22 		.ascii	"A\"\034\"A\007\010p\010\007aQIEC\000\177A\000\000\002"
 105      41070870 
 105      08076151 
 105      49454300 
 105      7F410000 
 106 0131 04081020 		.ascii	"\004\010\020 \000\000A\177\000\004\002\001\002\004@"
 106      0000417F 
 106      00040201 
 106      020440
 107 0140 40404040 		.ascii	"@@@@\000\001\002\004\000 TTTx\177DDD88DDDD8DDD\1778"
 107      00010204 
 107      00205454 
 107      54787F44 
 107      44443838 
 108 015e 54545418 		.ascii	"TTT\030\004\004~\005\005\010TTT<\177\010\004\004x\000"
 108      04047E05 
 108      05085454 
 108      543C7F08 
 108      04047800 
 109 0172 447D4000 		.ascii	"D}@\000 @D=\000\177\020(D\000\000A\177@\000|\004x\004"
 109      2040443D 
 109      007F1028 
 109      44000041 
 109      7F40007C 
ARM GAS  C:\Users\wucha\AppData\Local\Temp\ccSrtH9s.s 			page 7


 110 0189 787C0804 		.ascii	"x|\010\004\004x8DDD8|\024\024\024\010\010\024\024\024"
 110      04783844 
 110      4444387C 
 110      14141408 
 110      08141414 
 111 019d 7C007C08 		.ascii	"|\000|\010\004\004HTTT \004\004?DD<@@ |\034 @ \034<"
 111      04044854 
 111      54542004 
 111      043F4444 
 111      3C404020 
 112 01b8 4030403C 		.ascii	"@0@<D(\020(D\014PPP<DdTLD\000\0106AA\000\000\177\000"
 112      44281028 
 112      440C5050 
 112      503C4464 
 112      544C4400 
 113 01d4 00414136 		.ascii	"\000AA6\010\000\002\001\002\004\002\024\024\024\024"
 113      08000201 
 113      02040214 
 113      141414
 114 01e3 1400     		.ascii	"\024\000"
 115              		.section	.rodata.ssd1306xled_font5x7_AB,"a"
 116              		.align	2
 119              	ssd1306xled_font5x7_AB:
 120 0000 00050720 		.ascii	"\000\005\007 \000\000\000\000\000\000\000_\000\000\000"
 120      00000000 
 120      0000005F 
 120      000000
 121 000f 03000300 		.ascii	"\003\000\003\000\024>\024>\024$*\177*\022C3\010fa6I"
 121      143E143E 
 121      14242A7F 
 121      2A124333 
 121      08666136 
 122 0024 55225000 		.ascii	"U\"P\000\005\003\000\000\000\034\"A\000\000A\"\034\000"
 122      05030000 
 122      001C2241 
 122      00004122 
 122      1C00
 123 0036 14083E08 		.ascii	"\024\010>\010\024\010\010>\010\010\000P0\000\000\010"
 123      1408083E 
 123      08080050 
 123      30000008 
 124 0046 08080808 		.ascii	"\010\010\010\010\000``\000\000 \020\010\004\002>QIE"
 124      00606000 
 124      00201008 
 124      04023E51 
 124      4945
 125 0058 3E000402 		.ascii	">\000\004\002\177\000BaQIF\"AII6\030\024\022\177\020"
 125      7F004261 
 125      51494622 
 125      41494936 
 125      1814127F 
 126 006d 27454545 		.ascii	"'EEE9>III2\001\001q\011\0076III6&III>\00066\000\000"
 126      393E4949 
 126      49320101 
 126      71090736 
 126      49494936 
 127 008b 00563600 		.ascii	"\000V6\000\000\010\024\"A\000\024\024\024\024\024\000"
ARM GAS  C:\Users\wucha\AppData\Local\Temp\ccSrtH9s.s 			page 8


 127      00081422 
 127      41001414 
 127      14141400 
 128 009b 41221408 		.ascii	"A\"\024\010\002\001Q\011\006>AYU^~\011\011\011~\177"
 128      02015109 
 128      063E4159 
 128      555E7E09 
 128      09097E7F 
 129 00af 49494936 		.ascii	"III6>AAA\"\177AAA>\177IIIA\177\011\011\011\001>AAI:"
 129      3E414141 
 129      227F4141 
 129      413E7F49 
 129      4949417F 
 130 00cc 7F080808 		.ascii	"\177\010\010\010\177\000A\177A\0000@@@?\177\010\024"
 130      7F00417F 
 130      41003040 
 130      40403F7F 
 130      0814
 131 00de 22417F40 		.ascii	"\"A\177@@@@\177\002\014\002\177\177\002\004\010\177"
 131      4040407F 
 131      020C027F 
 131      7F020408 
 131      7F
 132 00ef 3E414141 		.ascii	">AAA>\177\011\011\011\006\036!!!^\177\011\011\011v&"
 132      3E7F0909 
 132      09061E21 
 132      21215E7F 
 132      09090976 
 133 0104 49494932 		.ascii	"III2\001\001\177\001\001?@@@?\037 @ \037\177 \020 \177"
 133      01017F01 
 133      013F4040 
 133      403F1F20 
 133      40201F7F 
 134 011c 41221C22 		.ascii	"A\"\034\"A\007\010p\010\007aQIEC\000\177A\000\000\002"
 134      41070870 
 134      08076151 
 134      49454300 
 134      7F410000 
 135 0131 04081020 		.ascii	"\004\010\020 \000\000A\177\000\004\002\001\002\004@"
 135      0000417F 
 135      00040201 
 135      020440
 136 0140 40404040 		.ascii	"@@@@\000\001\002\004\000\000"
 136      00010204 
 136      0000
 137              		.section	.rodata.ssd1306xled_font6x8,"a"
 138              		.align	2
 141              	ssd1306xled_font6x8:
 142 0000 00060820 		.ascii	"\000\006\010 \000\000\000\000\000\000\000\000\000/\000"
 142      00000000 
 142      00000000 
 142      002F00
 143 000f 00000007 		.ascii	"\000\000\000\007\000\007\000\000\024\177\024\177\024"
 143      00070000 
 143      147F147F 
 143      14
 144 001c 00242A7F 		.ascii	"\000$*\177*\022\000#\023\010db\0006IU\"P\000\000\005"
ARM GAS  C:\Users\wucha\AppData\Local\Temp\ccSrtH9s.s 			page 9


 144      2A120023 
 144      13086462 
 144      00364955 
 144      22500000 
 145 0031 03000000 		.ascii	"\003\000\000\000\000\034\"A\000\000\000A\"\034\000\000"
 145      001C2241 
 145      00000041 
 145      221C0000 
 146 0041 14083E08 		.ascii	"\024\010>\010\024\000\010\010>\010\010\000\000\000\240"
 146      14000808 
 146      3E080800 
 146      0000A0
 147 0050 60000008 		.ascii	"`\000\000\010\010\010\010\010\000\000``\000\000\000"
 147      08080808 
 147      00006060 
 147      000000
 148 005f 20100804 		.ascii	" \020\010\004\002\000>QIE>\000\000B\177@\000\000BaQ"
 148      02003E51 
 148      49453E00 
 148      00427F40 
 148      00004261 
 149 0074 49460021 		.ascii	"IF\000!AEK1\000\030\024\022\177\020\000'EEE9\000<JI"
 149      41454B31 
 149      00181412 
 149      7F100027 
 149      45454539 
 150 008c 49300001 		.ascii	"I0\000\001q\011\005\003\0006III6\000\006II)\036\000"
 150      71090503 
 150      00364949 
 150      49360006 
 150      4949291E 
 151 00a1 00363600 		.ascii	"\00066\000\000\000\000V6\000\000\000\010\024\"A\000"
 151      00000056 
 151      36000000 
 151      08142241 
 151      00
 152 00b2 00141414 		.ascii	"\000\024\024\024\024\024\000\000A\"\024\010\000\002"
 152      14140000 
 152      41221408 
 152      0002
 153 00c0 01510906 		.ascii	"\001Q\011\006\0002IYQ>\000|\022\021\022|\000\177III"
 153      00324959 
 153      513E007C 
 153      1211127C 
 153      007F4949 
 154 00d5 36003E41 		.ascii	"6\000>AAA\"\000\177AA\"\034\000\177IIIA\000\177\011"
 154      41412200 
 154      7F414122 
 154      1C007F49 
 154      49494100 
 155 00eb 09090100 		.ascii	"\011\011\001\000>AIIz\000\177\010\010\010\177\000\000"
 155      3E414949 
 155      7A007F08 
 155      08087F00 
 155      00
 156 00fc 417F4100 		.ascii	"A\177A\000\000 @A?\001\000\177\010\024\"A\000\177@@"
 156      00204041 
ARM GAS  C:\Users\wucha\AppData\Local\Temp\ccSrtH9s.s 			page 10


 156      3F01007F 
 156      08142241 
 156      007F4040 
 157 0110 4040007F 		.ascii	"@@\000\177\002\014\002\177\000\177\004\010\020\177\000"
 157      020C027F 
 157      007F0408 
 157      107F00
 158 011f 3E414141 		.ascii	">AAA>\000\177\011\011\011\006\000>AQ!^\000\177\011\031"
 158      3E007F09 
 158      09090600 
 158      3E415121 
 158      5E007F09 
 159 0134 29460046 		.ascii	")F\000FIII1\000\001\001\177\001\001\000?@@@?\000\037"
 159      49494931 
 159      0001017F 
 159      0101003F 
 159      4040403F 
 160 014a 2040201F 		.ascii	" @ \037\000?@8@?\000c\024\010\024c\000\007\010p\010"
 160      003F4038 
 160      403F0063 
 160      14081463 
 160      00070870 
 161 015f 07006151 		.ascii	"\007\000aQIEC\000\000\177AA\000\000U*U*U\000\000AA\177"
 161      49454300 
 161      007F4141 
 161      0000552A 
 161      552A5500 
 162 0177 00000402 		.ascii	"\000\000\004\002\001\002\004\000@@@@@\000\000\001\002"
 162      01020400 
 162      40404040 
 162      40000001 
 162      02
 163 0188 04000020 		.ascii	"\004\000\000 TTTx\000\177HDD8\0008DDD \0008DDH\177\000"
 163      54545478 
 163      007F4844 
 163      44380038 
 163      44444420 
 164 01a3 38545454 		.ascii	"8TTT\030\000\010~\011\001\002\000\030\244\244\244|\000"
 164      1800087E 
 164      09010200 
 164      18A4A4A4 
 164      7C00
 165 01b5 7F080404 		.ascii	"\177\010\004\004x\000\000D}@\000\000@\200\204}\000\000"
 165      78000044 
 165      7D400000 
 165      4080847D 
 165      0000
 166 01c7 7F102844 		.ascii	"\177\020(D\000\000\000A\177@\000\000|\004\030\004x\000"
 166      00000041 
 166      7F400000 
 166      7C041804 
 166      7800
 167 01d9 7C080404 		.ascii	"|\010\004\004x\0008DDD8\000\374$$$\030\000\030$$\030"
 167      78003844 
 167      44443800 
 167      FC242424 
 167      18001824 
ARM GAS  C:\Users\wucha\AppData\Local\Temp\ccSrtH9s.s 			page 11


 168 01ef FC007C08 		.ascii	"\374\000|\010\004\004\010\000HTTT \000\004?D@ \000<"
 168      04040800 
 168      48545454 
 168      2000043F 
 168      44402000 
 169 0204 4040207C 		.ascii	"@@ |\000\034 @ \034\000<@0@<\000D(\020(D\000\034\240"
 169      001C2040 
 169      201C003C 
 169      4030403C 
 169      00442810 
 170 021d A0A07C00 		.ascii	"\240\240|\000DdTLD\000\000\010w\000\000\000\000\000"
 170      4464544C 
 170      44000008 
 170      77000000 
 170      0000
 171 022f 7F000000 		.ascii	"\177\000\000\000\000w\010\000\000\000\020\010\020\010"
 171      00770800 
 171      00001008 
 171      1008
 172 023d 00141414 		.ascii	"\000\024\024\024\024\024\024\000"
 172      14141400 
 173              		.section	.rodata.ssd1306xled_font6x8_AB,"a"
 174              		.align	2
 177              	ssd1306xled_font6x8_AB:
 178 0000 00060820 		.ascii	"\000\006\010 \000\000\000\000\000\000\000\000\000/\000"
 178      00000000 
 178      00000000 
 178      002F00
 179 000f 00000007 		.ascii	"\000\000\000\007\000\007\000\000\024\177\024\177\024"
 179      00070000 
 179      147F147F 
 179      14
 180 001c 00242A7F 		.ascii	"\000$*\177*\022\000#\023\010db\0006IU\"P\000\000\005"
 180      2A120023 
 180      13086462 
 180      00364955 
 180      22500000 
 181 0031 03000000 		.ascii	"\003\000\000\000\000\034\"A\000\000\000A\"\034\000\000"
 181      001C2241 
 181      00000041 
 181      221C0000 
 182 0041 14083E08 		.ascii	"\024\010>\010\024\000\010\010>\010\010\000\000\000\240"
 182      14000808 
 182      3E080800 
 182      0000A0
 183 0050 60000008 		.ascii	"`\000\000\010\010\010\010\010\000\000``\000\000\000"
 183      08080808 
 183      00006060 
 183      000000
 184 005f 20100804 		.ascii	" \020\010\004\002\000>QIE>\000\000B\177@\000\000BaQ"
 184      02003E51 
 184      49453E00 
 184      00427F40 
 184      00004261 
 185 0074 49460021 		.ascii	"IF\000!AEK1\000\030\024\022\177\020\000'EEE9\000<JI"
 185      41454B31 
 185      00181412 
ARM GAS  C:\Users\wucha\AppData\Local\Temp\ccSrtH9s.s 			page 12


 185      7F100027 
 185      45454539 
 186 008c 49300001 		.ascii	"I0\000\001q\011\005\003\0006III6\000\006II)\036\000"
 186      71090503 
 186      00364949 
 186      49360006 
 186      4949291E 
 187 00a1 00363600 		.ascii	"\00066\000\000\000\000V6\000\000\000\010\024\"A\000"
 187      00000056 
 187      36000000 
 187      08142241 
 187      00
 188 00b2 00141414 		.ascii	"\000\024\024\024\024\024\000\000A\"\024\010\000\002"
 188      14140000 
 188      41221408 
 188      0002
 189 00c0 01510906 		.ascii	"\001Q\011\006\0002IYQ>\000|\022\021\022|\000\177III"
 189      00324959 
 189      513E007C 
 189      1211127C 
 189      007F4949 
 190 00d5 36003E41 		.ascii	"6\000>AAA\"\000\177AA\"\034\000\177IIIA\000\177\011"
 190      41412200 
 190      7F414122 
 190      1C007F49 
 190      49494100 
 191 00eb 09090100 		.ascii	"\011\011\001\000>AIIz\000\177\010\010\010\177\000\000"
 191      3E414949 
 191      7A007F08 
 191      08087F00 
 191      00
 192 00fc 417F4100 		.ascii	"A\177A\000\000 @A?\001\000\177\010\024\"A\000\177@@"
 192      00204041 
 192      3F01007F 
 192      08142241 
 192      007F4040 
 193 0110 4040007F 		.ascii	"@@\000\177\002\014\002\177\000\177\004\010\020\177\000"
 193      020C027F 
 193      007F0408 
 193      107F00
 194 011f 3E414141 		.ascii	">AAA>\000\177\011\011\011\006\000>AQ!^\000\177\011\031"
 194      3E007F09 
 194      09090600 
 194      3E415121 
 194      5E007F09 
 195 0134 29460046 		.ascii	")F\000FIII1\000\001\001\177\001\001\000?@@@?\000\037"
 195      49494931 
 195      0001017F 
 195      0101003F 
 195      4040403F 
 196 014a 2040201F 		.ascii	" @ \037\000?@8@?\000c\024\010\024c\000\007\010p\010"
 196      003F4038 
 196      403F0063 
 196      14081463 
 196      00070870 
 197 015f 07006151 		.ascii	"\007\000aQIEC\000\000\177AA\000\000U*U*U\000\000AA\177"
 197      49454300 
ARM GAS  C:\Users\wucha\AppData\Local\Temp\ccSrtH9s.s 			page 13


 197      007F4141 
 197      0000552A 
 197      552A5500 
 198 0177 00000402 		.ascii	"\000\000\004\002\001\002\004\000@@@@@\000\000\001\002"
 198      01020400 
 198      40404040 
 198      40000001 
 198      02
 199 0188 040000   		.ascii	"\004\000\000"
 200              		.section	.rodata.ssd1306xled_font8x16,"a"
 201              		.align	2
 204              	ssd1306xled_font8x16:
 205 0000 00081020 		.ascii	"\000\010\020 \000\000\000\000\000\000\000\000\000\000"
 205      00000000 
 205      00000000 
 205      0000
 206 000e 00000000 		.ascii	"\000\000\000\000\000\000\000\000\000\370\000\000\000"
 206      00000000 
 206      00F80000 
 206      00
 207 001b 00000000 		.ascii	"\000\000\000\00030\000\000\000\000\020\014\006\020\014"
 207      33300000 
 207      0000100C 
 207      06100C
 208 002a 06000000 		.ascii	"\006\000\000\000\000\000\000\000\000\000@\300x@\300"
 208      00000000 
 208      000040C0 
 208      7840C0
 209 0039 78400004 		.ascii	"x@\000\004?\004\004?\004\004\000\000p\210\374\0100\000"
 209      3F04043F 
 209      04040000 
 209      7088FC08 
 209      3000
 210 004b 00001820 		.ascii	"\000\000\030 \377!\036\000\000\360\010\360\000\340\030"
 210      FF211E00 
 210      00F008F0 
 210      00E018
 211 005a 00000021 		.ascii	"\000\000\000!\034\003\036!\036\000\000\360\010\210p"
 211      1C031E21 
 211      1E0000F0 
 211      088870
 212 0069 0000001E 		.ascii	"\000\000\000\036!#$\031'!\020\020\026\016\000\000\000"
 212      21232419 
 212      27211010 
 212      160E0000 
 212      00
 213 007a 00000000 		.ascii	"\000\000\000\000\000\000\000\000\000\000\000\000\000"
 213      00000000 
 213      00000000 
 213      00
 214 0087 E0180402 		.ascii	"\340\030\004\002\000\000\000\000\007\030 @\000\000\002"
 214      00000000 
 214      07182040 
 214      000002
 215 0096 0418E000 		.ascii	"\004\030\340\000\000\000\000@ \030\007\000\000\000@"
 215      00000040 
 215      20180700 
ARM GAS  C:\Users\wucha\AppData\Local\Temp\ccSrtH9s.s 			page 14


 215      000040
 216 00a5 4080F080 		.ascii	"@\200\360\200@@\000\002\002\001\017\001\002\002\000"
 216      40400002 
 216      02010F01 
 216      020200
 217 00b4 000000F0 		.ascii	"\000\000\000\360\000\000\000\000\001\001\001\037\001"
 217      00000000 
 217      0101011F 
 217      01
 218 00c1 01010000 		.ascii	"\001\001\000\000\000\000\000\000\000\000\000\200\260"
 218      00000000 
 218      00000080 
 218      B0
 219 00ce 70000000 		.ascii	"p\000\000\000\000\000\000\000\000\000\000\000\000\000"
 219      00000000 
 219      00000000 
 219      0000
 220 00dc 00010101 		.ascii	"\000\001\001\001\001\001\001\001\000\000\000\000\000"
 220      01010101 
 220      00000000 
 220      00
 221 00e9 00000000 		.ascii	"\000\000\000\00000\000\000\000\000\000\000\000\000\000"
 221      30300000 
 221      00000000 
 221      000000
 222 00f8 80601804 		.ascii	"\200`\030\004\000`\030\006\001\000\000\000\000\340\020"
 222      00601806 
 222      01000000 
 222      00E010
 223 0107 080810E0 		.ascii	"\010\010\020\340\000\000\017\020  \020\017\000\000\020"
 223      00000F10 
 223      2020100F 
 223      000010
 224 0116 10F80000 		.ascii	"\020\370\000\000\000\000\000  ?  \000\000\000p\010\010"
 224      00000020 
 224      203F2020 
 224      00000070 
 224      0808
 225 0128 08887000 		.ascii	"\010\210p\000\0000($\"!0\000\0000\010\210\210H0\000"
 225      00302824 
 225      22213000 
 225      00300888 
 225      88483000 
 226 013c 00182020 		.ascii	"\000\030   \021\016\000\000\000\300 \020\370\000\000"
 226      20110E00 
 226      0000C020 
 226      10F80000 
 227 014c 00070424 		.ascii	"\000\007\004$$?$\000\000\370\010\210\210\010\010\000"
 227      243F2400 
 227      00F80888 
 227      88080800 
 228 015c 00192120 		.ascii	"\000\031!  \021\016\000\000\340\020\210\210\030\000"
 228      20110E00 
 228      00E01088 
 228      881800
 229 016b 00000F11 		.ascii	"\000\000\017\021  \021\016\000\0008\010\010\3108\010"
 229      2020110E 
ARM GAS  C:\Users\wucha\AppData\Local\Temp\ccSrtH9s.s 			page 15


 229      00003808 
 229      08C83808 
 230 017b 00000000 		.ascii	"\000\000\000\000?\000\000\000\000\000p\210\010\010\210"
 230      3F000000 
 230      00007088 
 230      080888
 231 018a 7000001C 		.ascii	"p\000\000\034\"!!\"\034\000\000\340\020\010\010\020"
 231      22212122 
 231      1C0000E0 
 231      10080810 
 232 019a E0000000 		.ascii	"\340\000\000\0001\"\"\021\017\000\000\000\000\300\300"
 232      31222211 
 232      0F000000 
 232      00C0C0
 233 01a9 00000000 		.ascii	"\000\000\000\000\000\00000\000\000\000\000\000\000\200"
 233      00003030 
 233      00000000 
 233      000080
 234 01b8 00000000 		.ascii	"\000\000\000\000\000\000\200`\000\000\000\000\000\000"
 234      00008060 
 234      00000000 
 234      0000
 235 01c6 80402010 		.ascii	"\200@ \020\010\000\000\001\002\004\010\020 \000@@@@"
 235      08000001 
 235      02040810 
 235      20004040 
 235      4040
 236 01d8 40404000 		.ascii	"@@@\000\004\004\004\004\004\004\004\000\000\010\020"
 236      04040404 
 236      04040400 
 236      000810
 237 01e7 20408000 		.ascii	" @\200\000\000\000 \020\010\004\002\001\000\000pH\010"
 237      00002010 
 237      08040201 
 237      00007048 
 237      08
 238 01f8 0808F000 		.ascii	"\010\010\360\000\000\000\00006\001\000\000\3000\310"
 238      00000030 
 238      36010000 
 238      C030C8
 239 0207 28E810E0 		.ascii	"(\350\020\340\000\007\030'$#\024\013\000\000\000\300"
 239      00071827 
 239      2423140B 
 239      000000C0 
 240 0217 38E00000 		.ascii	"8\340\000\000\000 <#\002\002'8 \010\370\210\210\210"
 240      00203C23 
 240      02022738 
 240      2008F888 
 240      8888
 241 0229 70000020 		.ascii	"p\000\000 ?   \021\016\000\3000\010\010\010\0108\000"
 241      3F202020 
 241      110E00C0 
 241      30080808 
 241      083800
 242 023c 07182020 		.ascii	"\007\030   \020\010\000\010\370\010\010\010\020\340"
 242      20100800 
 242      08F80808 
ARM GAS  C:\Users\wucha\AppData\Local\Temp\ccSrtH9s.s 			page 16


 242      0810E0
 243 024b 00203F20 		.ascii	"\000 ?   \020\017\000\010\370\210\210\350\010\020\000"
 243      2020100F 
 243      0008F888 
 243      88E80810 
 243      00
 244 025c 203F2020 		.ascii	" ?  # \030\000\010\370\210\210\350\010\020\000 ? \000"
 244      23201800 
 244      08F88888 
 244      E8081000 
 244      203F2000 
 245 0270 03000000 		.ascii	"\003\000\000\000\3000\010\010\0108\000\000\007\030 "
 245      C0300808 
 245      08380000 
 245      071820
 246 027f 20221E02 		.ascii	" \"\036\002\000\010\370\010\000\000\010\370\010 ?!\001"
 246      0008F808 
 246      000008F8 
 246      08203F21 
 246      01
 247 0290 01213F20 		.ascii	"\001!? \000\010\010\370\010\010\000\000\000  ?  \000"
 247      000808F8 
 247      08080000 
 247      0020203F 
 247      202000
 248 02a3 00000008 		.ascii	"\000\000\000\010\010\370\010\010\000\300\200\200\200"
 248      08F80808 
 248      00C08080 
 248      80
 249 02b0 7F000000 		.ascii	"\177\000\000\000\010\370\210\300(\030\010\000 ? \001"
 249      08F888C0 
 249      28180800 
 249      203F2001 
 250 02c0 26382000 		.ascii	"&8 \000\010\370\010\000\000\000\000\000 ?    0\000\010"
 250      08F80800 
 250      00000000 
 250      203F2020 
 250      20203000 
 251 02d5 F8F800F8 		.ascii	"\370\370\000\370\370\010\000 ?\000?\000? \000\010\370"
 251      F8080020 
 251      3F003F00 
 251      3F200008 
 251      F8
 252 02e6 30C00008 		.ascii	"0\300\000\010\370\010 ? \000\007\030?\000\340\020\010"
 252      F808203F 
 252      20000718 
 252      3F00E010 
 252      08
 253 02f7 080810E0 		.ascii	"\010\010\020\340\000\017\020   \020\017\000\010\370"
 253      000F1020 
 253      2020100F 
 253      0008F8
 254 0306 08080808 		.ascii	"\010\010\010\010\360\000 ?!\001\001\001\000\000\340"
 254      F000203F 
 254      21010101 
 254      0000E0
 255 0315 10080808 		.ascii	"\020\010\010\010\020\340\000\017\030$$8PO\000\010\370"
ARM GAS  C:\Users\wucha\AppData\Local\Temp\ccSrtH9s.s 			page 17


 255      10E0000F 
 255      18242438 
 255      504F0008 
 255      F8
 256 0326 88888888 		.ascii	"\210\210\210\210p\000 ? \000\003\0140 \000p\210\010"
 256      7000203F 
 256      2000030C 
 256      30200070 
 256      8808
 257 0338 08083800 		.ascii	"\010\0108\000\0008 !!\"\034\000\030\010\010\370\010"
 257      00382021 
 257      21221C00 
 257      180808F8 
 257      08
 258 0349 08180000 		.ascii	"\010\030\000\000\000 ? \000\000\000\010\370\010\000"
 258      00203F20 
 258      00000008 
 258      F80800
 259 0358 0008F808 		.ascii	"\000\010\370\010\000\037    \037\000\010x\210\000\000"
 259      001F2020 
 259      20201F00 
 259      08788800 
 259      00
 260 0369 C8380800 		.ascii	"\3108\010\000\000\0078\016\001\000\000\370\010\000\370"
 260      0007380E 
 260      010000F8 
 260      0800F8
 261 0378 0008F800 		.ascii	"\000\010\370\000\003<\007\000\007<\003\000\010\030h"
 261      033C0700 
 261      073C0300 
 261      081868
 262 0387 80806818 		.ascii	"\200\200h\030\010 0,\003\003,0 \0108\310\000\3108\010"
 262      0820302C 
 262      03032C30 
 262      200838C8 
 262      00C83808 
 263 039b 00000020 		.ascii	"\000\000\000 ? \000\000\000\020\010\010\010\3108\010"
 263      3F200000 
 263      00100808 
 263      08C83808 
 264 03ab 00203826 		.ascii	"\000 8&!  \030\000\000\000\000\376\002\002\002\000\000"
 264      21202018 
 264      00000000 
 264      FE020202 
 264      0000
 265 03bd 00007F40 		.ascii	"\000\000\177@@@\000\000\0140\300\000\000\000\000\000"
 265      40400000 
 265      0C30C000 
 265      00000000 
 266 03cd 00000106 		.ascii	"\000\000\001\0068\300\000\000\002\002\002\376\000\000"
 266      38C00000 
 266      020202FE 
 266      0000
 267 03db 00004040 		.ascii	"\000\000@@@\177\000\000\000\000\000\004\002\002\002"
 267      407F0000 
 267      00000004 
 267      020202
ARM GAS  C:\Users\wucha\AppData\Local\Temp\ccSrtH9s.s 			page 18


 268 03ea 04000000 		.ascii	"\004\000\000\000\000\000\000\000\000\000\000\000\000"
 268      00000000 
 268      00000000 
 268      00
 269 03f7 00000000 		.ascii	"\000\000\000\000\000\200\200\200\200\200\200\200\200"
 269      00808080 
 269      80808080 
 269      80
 270 0404 00020204 		.ascii	"\000\002\002\004\000\000\000\000\000\000\000\000\000"
 270      00000000 
 270      00000000 
 270      00
 271 0411 00000000 		.ascii	"\000\000\000\000\000\200\200\200\200\000\000\000\031"
 271      00808080 
 271      80000000 
 271      19
 272 041e 24222222 		.ascii	"$\"\"\"? \010\370\000\200\200\000\000\000\000?\021 "
 272      3F2008F8 
 272      00808000 
 272      0000003F 
 272      1120
 273 0430 20110E00 		.ascii	" \021\016\000\000\000\000\200\200\200\000\000\000\016"
 273      00000080 
 273      80800000 
 273      000E
 274 043e 11202020 		.ascii	"\021   \021\000\000\000\000\200\200\210\370\000\000"
 274      11000000 
 274      00808088 
 274      F80000
 275 044d 0E112020 		.ascii	"\016\021  \020? \000\000\200\200\200\200\000\000\000"
 275      103F2000 
 275      00808080 
 275      80000000 
 276 045d 1F222222 		.ascii	"\037\"\"\"\"\023\000\000\200\200\360\210\210\210\030"
 276      22130000 
 276      8080F088 
 276      888818
 277 046c 0020203F 		.ascii	"\000  ?  \000\000\000\000\200\200\200\200\200\000\000"
 277      20200000 
 277      00008080 
 277      80808000 
 277      00
 278 047d 6B949494 		.ascii	"k\224\224\224\223`\000\010\370\000\200\200\200\000\000"
 278      93600008 
 278      F8008080 
 278      800000
 279 048c 203F2100 		.ascii	" ?!\000\000 ? \000\200\230\230\000\000\000\000\000 "
 279      00203F20 
 279      00809898 
 279      00000000 
 279      0020
 280 049e 203F2020 		.ascii	" ?  \000\000\000\000\000\200\230\230\000\000\000\300"
 280      00000000 
 280      00809898 
 280      000000C0 
 281 04ae 8080807F 		.ascii	"\200\200\200\177\000\000\010\370\000\000\200\200\200"
 281      000008F8 
ARM GAS  C:\Users\wucha\AppData\Local\Temp\ccSrtH9s.s 			page 19


 281      00008080 
 281      80
 282 04bb 00203F24 		.ascii	"\000 ?$\002-0 \000\000\010\010\370\000\000\000\000\000"
 282      022D3020 
 282      00000808 
 282      F8000000 
 282      0000
 283 04cd 20203F20 		.ascii	"  ?  \000\000\200\200\200\200\200\200\200\000 ? \000"
 283      20000080 
 283      80808080 
 283      80800020 
 283      3F2000
 284 04e0 3F20003F 		.ascii	"? \000?\200\200\000\200\200\200\000\000 ?!\000\000 "
 284      80800080 
 284      80800000 
 284      203F2100 
 284      0020
 285 04f2 3F200000 		.ascii	"? \000\000\200\200\200\200\000\000\000\037    \037\000"
 285      80808080 
 285      0000001F 
 285      20202020 
 285      1F00
 286 0504 80800080 		.ascii	"\200\200\000\200\200\000\000\000\200\377\241  \021\016"
 286      80000000 
 286      80FFA120 
 286      20110E
 287 0513 00000000 		.ascii	"\000\000\000\000\200\200\200\200\000\000\016\021  \240"
 287      80808080 
 287      00000E11 
 287      2020A0
 288 0522 FF808080 		.ascii	"\377\200\200\200\200\000\200\200\200\000  ?! \000\001"
 288      80008080 
 288      80002020 
 288      3F212000 
 288      01
 289 0533 00000080 		.ascii	"\000\000\000\200\200\200\200\200\000\0003$$$$\031\000"
 289      80808080 
 289      00003324 
 289      24242419 
 289      00
 290 0544 008080E0 		.ascii	"\000\200\200\340\200\200\000\000\000\000\000\037  \000"
 290      80800000 
 290      0000001F 
 290      202000
 291 0553 00808000 		.ascii	"\000\200\200\000\000\000\200\200\000\000\037   \020"
 291      00008080 
 291      00001F20 
 291      202010
 292 0562 3F208080 		.ascii	"? \200\200\200\000\000\200\200\200\000\001\0160\010"
 292      80000080 
 292      80800001 
 292      0E3008
 293 0571 06010080 		.ascii	"\006\001\000\200\200\000\200\000\200\200\200\0170\014"
 293      80008000 
 293      8080800F 
 293      300C
 294 057f 030C300F 		.ascii	"\003\0140\017\000\000\200\200\000\200\200\200\000\000"
ARM GAS  C:\Users\wucha\AppData\Local\Temp\ccSrtH9s.s 			page 20


 294      00008080 
 294      00808080 
 294      0000
 295 058d 20312E0E 		.ascii	" 1.\0161 \000\200\200\200\000\000\200\200\200\200\201"
 295      31200080 
 295      80800000 
 295      80808080 
 295      81
 296 059e 8E701806 		.ascii	"\216p\030\006\001\000\000\200\200\200\200\200\200\000"
 296      01000080 
 296      80808080 
 296      8000
 297 05ac 0021302C 		.ascii	"\000!0,\"!0\000\000\000\000\000\200|\002\002\000\000"
 297      22213000 
 297      00000000 
 297      807C0202 
 297      0000
 298 05be 0000003F 		.ascii	"\000\000\000?@@\000\000\000\000\377\000\000\000\000"
 298      40400000 
 298      0000FF00 
 298      000000
 299 05cd 000000FF 		.ascii	"\000\000\000\377\000\000\000\000\002\002|\200\000\000"
 299      00000000 
 299      02027C80 
 299      0000
 300 05db 00004040 		.ascii	"\000\000@@?\000\000\000\000\000\006\001\001\002\002"
 300      3F000000 
 300      00000601 
 300      010202
 301 05ea 04040000 		.ascii	"\004\004\000\000\000\000\000\000\000\000"
 301      00000000 
 301      0000
 302              		.text
 303              	.Letext0:
 304              		.file 1 "c:\\program files (x86)\\gnu arm embedded toolchain\\10 2021.07\\arm-none-eabi\\include\\
 305              		.file 2 "c:\\program files (x86)\\gnu arm embedded toolchain\\10 2021.07\\arm-none-eabi\\include\\
 306              		.file 3 "Core/ssd1306/ssd1306_fonts.h"
 307              		.file 4 "Core/ssd1306/ssd1306_fonts.c"
ARM GAS  C:\Users\wucha\AppData\Local\Temp\ccSrtH9s.s 			page 21


DEFINED SYMBOLS
                            *ABS*:00000000 ssd1306_fonts.c
C:\Users\wucha\AppData\Local\Temp\ccSrtH9s.s:119    .rodata.ssd1306xled_font5x7_AB:00000000 ssd1306xled_font5x7_AB
C:\Users\wucha\AppData\Local\Temp\ccSrtH9s.s:90     .rodata.ssd1306xled_font5x7:00000000 ssd1306xled_font5x7
C:\Users\wucha\AppData\Local\Temp\ccSrtH9s.s:67     .rodata.digital_font5x7_AB:00000000 digital_font5x7_AB
C:\Users\wucha\AppData\Local\Temp\ccSrtH9s.s:29     .rodata.digital_font5x7:00000000 digital_font5x7
C:\Users\wucha\AppData\Local\Temp\ccSrtH9s.s:59     .rodata.digital_font5x7_123:00000000 digital_font5x7_123
C:\Users\wucha\AppData\Local\Temp\ccSrtH9s.s:177    .rodata.ssd1306xled_font6x8_AB:00000000 ssd1306xled_font6x8_AB
C:\Users\wucha\AppData\Local\Temp\ccSrtH9s.s:204    .rodata.ssd1306xled_font8x16:00000000 ssd1306xled_font8x16
C:\Users\wucha\AppData\Local\Temp\ccSrtH9s.s:141    .rodata.ssd1306xled_font6x8:00000000 ssd1306xled_font6x8
C:\Users\wucha\AppData\Local\Temp\ccSrtH9s.s:26     .rodata.digital_font5x7:00000000 $d
C:\Users\wucha\AppData\Local\Temp\ccSrtH9s.s:56     .rodata.digital_font5x7_123:00000000 $d
C:\Users\wucha\AppData\Local\Temp\ccSrtH9s.s:64     .rodata.digital_font5x7_AB:00000000 $d
C:\Users\wucha\AppData\Local\Temp\ccSrtH9s.s:87     .rodata.ssd1306xled_font5x7:00000000 $d
C:\Users\wucha\AppData\Local\Temp\ccSrtH9s.s:116    .rodata.ssd1306xled_font5x7_AB:00000000 $d
C:\Users\wucha\AppData\Local\Temp\ccSrtH9s.s:138    .rodata.ssd1306xled_font6x8:00000000 $d
C:\Users\wucha\AppData\Local\Temp\ccSrtH9s.s:174    .rodata.ssd1306xled_font6x8_AB:00000000 $d
C:\Users\wucha\AppData\Local\Temp\ccSrtH9s.s:201    .rodata.ssd1306xled_font8x16:00000000 $d

NO UNDEFINED SYMBOLS
